This is pdfTeX, Version 3.1415926-2.5-1.40.14 (TeX Live 2013) (format=pdflatex 2013.5.30)  14 OCT 2014 16:10
entering extended mode
 restricted \write18 enabled.
 %&-line parsing enabled.
**source.tex
(./source.tex
LaTeX2e <2011/06/27>
Babel <3.9f> and hyphenation patterns for 78 languages loaded.
(/usr/local/texlive/2013/texmf-dist/tex/latex/revtex4/revtex4.cls
Document Class: revtex4 2001/08/02 v4.0 (http://publish.aps.org/revtex4/ for do
cumentation)
 Copyright (c) 2001 The American Physical Society.
 mailto:revtex@aps.org
 Licensed under the LPPL:
http://www.ctan.org/tex-archive/macros/latex/base/lppl.txt
 Arthur Ogawa <ogawa@teleport.com>
 Based on work by David Carlisle <david@dcarlisle.demon.co.uk>.
ltxutil: portions licensed from W. E. Baxter (web@superscript.com)
Class revtex4 Info: Repairing broken LateX \@sect on input line 596.
\intertabularlinepenalty=\count79
\@tbpen=\count80
\@arstrutbox@hline=\box26
Class revtex4 Info: Repairing broken LaTeX \@xbitor on input line 1610.
ltxgrid: portions licensed from W. E. Baxter (web@superscript.com)
\c@linecount=\count81
\output=\toks14
\@protection@box=\box27
\@topmark@saved=\toks15
\footins@saved=\box28
\pagesofar=\box29
\footbox=\box30
\pagegrid@col=\count82
Class revtex4 Info: Incorporating package {textcase}  [1998/11/12 v0.06 Text on
ly upper/lower case changing (DPC)]. on input line 3682.
(/usr/local/texlive/2013/texmf-dist/tex/latex/url/url.sty
\Urlmuskip=\muskip10
Package: url 2006/04/12  ver 3.3  Verb mode for urls, etc.
)
\c@affil=\count83
\absbox=\box31
\c@part=\count84
\c@section=\count85
\c@subsection=\count86
\c@subsubsection=\count87
\c@paragraph=\count88
\c@subparagraph=\count89
\abovecaptionskip=\skip41
\belowcaptionskip=\skip42
\c@figure=\count90
\c@table=\count91

(/usr/local/texlive/2013/texmf-dist/tex/latex/natbib/natbib.sty
Package: natbib 2010/09/13 8.31b (PWD, AO)
\bibhang=\skip43
\bibsep=\skip44
LaTeX Info: Redefining \cite on input line 694.
\c@NAT@ctr=\count92
)
\widetext@top=\box32
\widetext@bot=\box33

(/usr/local/texlive/2013/texmf-dist/tex/latex/revtex4/revsymb.sty
Package: revsymb 2001/08/02 v4.0 (http://publish.aps.org/revtex4/ for documenta
tion)
LaTeX Info: Redefining \REV@mathfrak on input line 118.
))

Class revtex4 Warning: No Society specified, using generic APS style.

(/usr/local/texlive/2013/texmf-dist/tex/latex/revtex4/aps.rtx
File: aps.rtx 2001/08/02 v4.0 (http://publish.aps.org/revtex4/ for documentatio
n)
)
(/usr/local/texlive/2013/texmf-dist/tex/latex/revtex4/11pt.rtx
File: 11pt.rtx 2001/08/02 v4.0 (http://publish.aps.org/revtex4/ for documentati
on)
)
(/usr/local/texlive/2013/texmf-dist/tex/latex/graphics/epsfig.sty
Package: epsfig 1999/02/16 v1.7a (e)psfig emulation (SPQR)

(/usr/local/texlive/2013/texmf-dist/tex/latex/graphics/graphicx.sty
Package: graphicx 1999/02/16 v1.0f Enhanced LaTeX Graphics (DPC,SPQR)

(/usr/local/texlive/2013/texmf-dist/tex/latex/graphics/keyval.sty
Package: keyval 1999/03/16 v1.13 key=value parser (DPC)
\KV@toks@=\toks16
)
(/usr/local/texlive/2013/texmf-dist/tex/latex/graphics/graphics.sty
Package: graphics 2009/02/05 v1.0o Standard LaTeX Graphics (DPC,SPQR)

(/usr/local/texlive/2013/texmf-dist/tex/latex/graphics/trig.sty
Package: trig 1999/03/16 v1.09 sin cos tan (DPC)
)
(/usr/local/texlive/2013/texmf-dist/tex/latex/latexconfig/graphics.cfg
File: graphics.cfg 2010/04/23 v1.9 graphics configuration of TeX Live
)
Package graphics Info: Driver file: pdftex.def on input line 91.

(/usr/local/texlive/2013/texmf-dist/tex/latex/pdftex-def/pdftex.def
File: pdftex.def 2011/05/27 v0.06d Graphics/color for pdfTeX

(/usr/local/texlive/2013/texmf-dist/tex/generic/oberdiek/infwarerr.sty
Package: infwarerr 2010/04/08 v1.3 Providing info/warning/error messages (HO)
)
(/usr/local/texlive/2013/texmf-dist/tex/generic/oberdiek/ltxcmds.sty
Package: ltxcmds 2011/11/09 v1.22 LaTeX kernel commands for general use (HO)
)
\Gread@gobject=\count93
))
\Gin@req@height=\dimen102
\Gin@req@width=\dimen103
)
\epsfxsize=\dimen104
\epsfysize=\dimen105
)
(/usr/local/texlive/2013/texmf-dist/tex/latex/amsmath/amsmath.sty
Package: amsmath 2013/01/14 v2.14 AMS math features
\@mathmargin=\skip45

For additional information on amsmath, use the `?' option.
(/usr/local/texlive/2013/texmf-dist/tex/latex/amsmath/amstext.sty
Package: amstext 2000/06/29 v2.01

(/usr/local/texlive/2013/texmf-dist/tex/latex/amsmath/amsgen.sty
File: amsgen.sty 1999/11/30 v2.0
\@emptytoks=\toks17
\ex@=\dimen106
))
(/usr/local/texlive/2013/texmf-dist/tex/latex/amsmath/amsbsy.sty
Package: amsbsy 1999/11/29 v1.2d
\pmbraise@=\dimen107
)
(/usr/local/texlive/2013/texmf-dist/tex/latex/amsmath/amsopn.sty
Package: amsopn 1999/12/14 v2.01 operator names
)
\inf@bad=\count94
LaTeX Info: Redefining \frac on input line 210.
\uproot@=\count95
\leftroot@=\count96
LaTeX Info: Redefining \overline on input line 306.
\classnum@=\count97
\DOTSCASE@=\count98
LaTeX Info: Redefining \ldots on input line 378.
LaTeX Info: Redefining \dots on input line 381.
LaTeX Info: Redefining \cdots on input line 466.
\Mathstrutbox@=\box34
\strutbox@=\box35
\big@size=\dimen108
LaTeX Font Info:    Redeclaring font encoding OML on input line 566.
LaTeX Font Info:    Redeclaring font encoding OMS on input line 567.
\macc@depth=\count99
\c@MaxMatrixCols=\count100
\dotsspace@=\muskip11
\c@parentequation=\count101
\dspbrk@lvl=\count102
\tag@help=\toks18
\row@=\count103
\column@=\count104
\maxfields@=\count105
\andhelp@=\toks19
\eqnshift@=\dimen109
\alignsep@=\dimen110
\tagshift@=\dimen111
\tagwidth@=\dimen112
\totwidth@=\dimen113
\lineht@=\dimen114
\@envbody=\toks20
\multlinegap=\skip46
\multlinetaggap=\skip47
\mathdisplay@stack=\toks21
LaTeX Info: Redefining \[ on input line 2665.
LaTeX Info: Redefining \] on input line 2666.
)
(/usr/local/texlive/2013/texmf-dist/tex/latex/amsfonts/amssymb.sty
Package: amssymb 2013/01/14 v3.01 AMS font symbols

(/usr/local/texlive/2013/texmf-dist/tex/latex/amsfonts/amsfonts.sty
Package: amsfonts 2013/01/14 v3.01 Basic AMSFonts support
\symAMSa=\mathgroup4
\symAMSb=\mathgroup5
LaTeX Font Info:    Overwriting math alphabet `\mathfrak' in version `bold'
(Font)                  U/euf/m/n --> U/euf/b/n on input line 106.
LaTeX Info: Redefining \frak on input line 111.
LaTeX Info: Redefining \Bbb on input line 113.
))
(/usr/local/texlive/2013/texmf-dist/tex/latex/graphics/color.sty
Package: color 2005/11/14 v1.0j Standard LaTeX Color (DPC)

(/usr/local/texlive/2013/texmf-dist/tex/latex/latexconfig/color.cfg
File: color.cfg 2007/01/18 v1.5 color configuration of teTeX/TeXLive
)
Package color Info: Driver file: pdftex.def on input line 130.
)
(/usr/local/texlive/2013/texmf-dist/tex/latex/wrapfig/wrapfig.sty
\wrapoverhang=\dimen115
\WF@size=\dimen116
\c@WF@wrappedlines=\count106
\WF@box=\box36
\WF@everypar=\toks22
Package: wrapfig 2003/01/31  v 3.6
)

LaTeX Warning: Unused global option(s):
    [article].

(./source.aux

LaTeX Warning: Label `gs' multiply defined.


LaTeX Warning: Label `B_ck' multiply defined.


LaTeX Warning: Label `B_c0' multiply defined.


LaTeX Warning: Label `B_conv' multiply defined.

)
\openout1 = `source.aux'.

LaTeX Font Info:    Checking defaults for OML/cmm/m/it on input line 13.
LaTeX Font Info:    ... okay on input line 13.
LaTeX Font Info:    Checking defaults for T1/cmr/m/n on input line 13.
LaTeX Font Info:    ... okay on input line 13.
LaTeX Font Info:    Checking defaults for OT1/cmr/m/n on input line 13.
LaTeX Font Info:    ... okay on input line 13.
LaTeX Font Info:    Checking defaults for OMS/cmsy/m/n on input line 13.
LaTeX Font Info:    ... okay on input line 13.
LaTeX Font Info:    Checking defaults for OMX/cmex/m/n on input line 13.
LaTeX Font Info:    ... okay on input line 13.
LaTeX Font Info:    Checking defaults for U/cmr/m/n on input line 13.
LaTeX Font Info:    ... okay on input line 13.
Class revtex4 Info: Patching LaTeX tabular. on input line 13.
Class revtex4 Info: cite was not loaded (OK!) on input line 13.
Class revtex4 Info: multicol was not loaded (OK!) on input line 13.
 (/usr/local/texlive/2013/texmf-dist/tex/context/base/supp-pdf.mkii
[Loading MPS to PDF converter (version 2006.09.02).]
\scratchcounter=\count107
\scratchdimen=\dimen117
\scratchbox=\box37
\nofMPsegments=\count108
\nofMParguments=\count109
\everyMPshowfont=\toks23
\MPscratchCnt=\count110
\MPscratchDim=\dimen118
\MPnumerator=\count111
\makeMPintoPDFobject=\count112
\everyMPtoPDFconversion=\toks24
) (/usr/local/texlive/2013/texmf-dist/tex/generic/oberdiek/pdftexcmds.sty
Package: pdftexcmds 2011/11/29 v0.20 Utility functions of pdfTeX for LuaTeX (HO
)

(/usr/local/texlive/2013/texmf-dist/tex/generic/oberdiek/ifluatex.sty
Package: ifluatex 2010/03/01 v1.3 Provides the ifluatex switch (HO)
Package ifluatex Info: LuaTeX not detected.
)
(/usr/local/texlive/2013/texmf-dist/tex/generic/oberdiek/ifpdf.sty
Package: ifpdf 2011/01/30 v2.3 Provides the ifpdf switch (HO)
Package ifpdf Info: pdfTeX in PDF mode is detected.
)
Package pdftexcmds Info: LuaTeX not detected.
Package pdftexcmds Info: \pdf@primitive is available.
Package pdftexcmds Info: \pdf@ifprimitive is available.
Package pdftexcmds Info: \pdfdraftmode found.
)
(/usr/local/texlive/2013/texmf-dist/tex/latex/oberdiek/epstopdf-base.sty
Package: epstopdf-base 2010/02/09 v2.5 Base part for package epstopdf

(/usr/local/texlive/2013/texmf-dist/tex/latex/oberdiek/grfext.sty
Package: grfext 2010/08/19 v1.1 Manage graphics extensions (HO)

(/usr/local/texlive/2013/texmf-dist/tex/generic/oberdiek/kvdefinekeys.sty
Package: kvdefinekeys 2011/04/07 v1.3 Define keys (HO)
))
(/usr/local/texlive/2013/texmf-dist/tex/latex/oberdiek/kvoptions.sty
Package: kvoptions 2011/06/30 v3.11 Key value format for package options (HO)

(/usr/local/texlive/2013/texmf-dist/tex/generic/oberdiek/kvsetkeys.sty
Package: kvsetkeys 2012/04/25 v1.16 Key value parser (HO)

(/usr/local/texlive/2013/texmf-dist/tex/generic/oberdiek/etexcmds.sty
Package: etexcmds 2011/02/16 v1.5 Avoid name clashes with e-TeX commands (HO)
Package etexcmds Info: Could not find \expanded.
(etexcmds)             That can mean that you are not using pdfTeX 1.50 or
(etexcmds)             that some package has redefined \expanded.
(etexcmds)             In the latter case, load this package earlier.
)))
Package grfext Info: Graphics extension search list:
(grfext)             [.png,.pdf,.jpg,.mps,.jpeg,.jbig2,.jb2,.PNG,.PDF,.JPG,.JPE
G,.JBIG2,.JB2,.eps]
(grfext)             \AppendGraphicsExtensions on input line 452.

(/usr/local/texlive/2013/texmf-dist/tex/latex/latexconfig/epstopdf-sys.cfg
File: epstopdf-sys.cfg 2010/07/13 v1.3 Configuration of (r)epstopdf for TeX Liv
e
))
(./source.toc
LaTeX Font Info:    Try loading font information for U+msa on input line 6.
 (/usr/local/texlive/2013/texmf-dist/tex/latex/amsfonts/umsa.fd
File: umsa.fd 2013/01/14 v3.01 AMS symbols A
)
LaTeX Font Info:    Try loading font information for U+msb on input line 6.

(/usr/local/texlive/2013/texmf-dist/tex/latex/amsfonts/umsb.fd
File: umsb.fd 2013/01/14 v3.01 AMS symbols B
)
Overfull \hbox (5.95001pt too wide) detected at line 14
 \OT1/cmr/m/n/10.95 13
 []


Overfull \hbox (5.95001pt too wide) detected at line 15
 \OT1/cmr/m/n/10.95 18
 []


Overfull \hbox (5.95001pt too wide) detected at line 16
 \OT1/cmr/m/n/10.95 18
 []


Overfull \hbox (5.95001pt too wide) detected at line 17
 \OT1/cmr/m/n/10.95 21
 []


Overfull \hbox (5.95001pt too wide) detected at line 18
 \OT1/cmr/m/n/10.95 23
 []


Overfull \hbox (5.95001pt too wide) detected at line 19
 \OT1/cmr/m/n/10.95 24
 []


Overfull \hbox (5.95001pt too wide) detected at line 20
 \OT1/cmr/m/n/10.95 25
 []


Overfull \hbox (5.95001pt too wide) detected at line 21
 \OT1/cmr/m/n/10.95 28
 []


Overfull \hbox (5.95001pt too wide) detected at line 22
 \OT1/cmr/m/n/10.95 31
 []


Overfull \hbox (5.95001pt too wide) detected at line 23
 \OT1/cmr/m/n/10.95 32
 []


Overfull \hbox (5.95001pt too wide) detected at line 24
 \OT1/cmr/m/n/10.95 32
 []

[1{/usr/local/texlive/2013/texmf-var/fonts/map/pdftex/updmap/pdftex.map}]
Overfull \hbox (5.95001pt too wide) detected at line 25
 \OT1/cmr/m/n/10.95 32
 []


Overfull \hbox (5.95001pt too wide) detected at line 26
 \OT1/cmr/m/n/10.95 33
 []

)
\tf@toc=\write3
\openout3 = `source.toc'.

 [2] [3] [4]
LaTeX Font Info:    Try loading font information for OMS+cmr on input line 100.

 (/usr/local/texlive/2013/texmf-dist/tex/latex/base/omscmr.fd
File: omscmr.fd 1999/05/25 v2.5h Standard LaTeX font definitions
)
LaTeX Font Info:    Font shape `OMS/cmr/m/n' in size <10.95> not available
(Font)              Font shape `OMS/cmsy/m/n' tried instead on input line 100.

[5] [6] [7] [8]
Package epstopdf Info: Source file: <figs/fig1.eps>
(epstopdf)                    date: 2012-09-20 16:22:38
(epstopdf)                    size: 226894 bytes
(epstopdf)             Output file: <figs/fig1-eps-converted-to.pdf>
(epstopdf)                    date: 2014-02-04 10:39:30
(epstopdf)                    size: 40031 bytes
(epstopdf)             Command: <repstopdf --outfile=figs/fig1-eps-converted-to
.pdf figs/fig1.eps>
(epstopdf)             \includegraphics on input line 205.
Package epstopdf Info: Output file is already uptodate.

<figs/fig1-eps-converted-to.pdf, id=38, 584.1825pt x 294.09875pt>
File: figs/fig1-eps-converted-to.pdf Graphic file (type pdf)

<use figs/fig1-eps-converted-to.pdf>
Package pdftex.def Info: figs/fig1-eps-converted-to.pdf used on input line 205.

(pdftex.def)             Requested size: 227.62204pt x 114.59483pt.
 [9 <./figs/fig1-eps-converted-to.pdf>]
[10]

LaTeX Warning: File `figs/fig2.eps' not found on input line 228.

Package epstopdf Info: Source file: <figs/fig2.eps>
(epstopdf)             Output file: <figs/fig2-eps-converted-to.pdf>
(epstopdf)                    date: 2014-02-04 10:39:32
(epstopdf)                    size: 25456 bytes
(epstopdf)             Command: <repstopdf --outfile=figs/fig2-eps-converted-to
.pdf figs/fig2.eps>
(epstopdf)             \includegraphics on input line 228.
Package epstopdf Info: Output file is already uptodate.
<figs/fig2-eps-converted-to.pdf, id=48, 454.69875pt x 794.97pt>
File: figs/fig2-eps-converted-to.pdf Graphic file (type pdf)

<use figs/fig2-eps-converted-to.pdf>
Package pdftex.def Info: figs/fig2-eps-converted-to.pdf used on input line 228.

(pdftex.def)             Requested size: 142.26378pt x 248.73077pt.
 [11 <./figs/fig2-eps-converted-to.pdf>]
[12] [13]

LaTeX Warning: File `figs/fig4.eps' not found on input line 324.

Package epstopdf Info: Source file: <figs/fig4.eps>
(epstopdf)             Output file: <figs/fig4-eps-converted-to.pdf>
(epstopdf)                    date: 2014-02-04 10:39:34
(epstopdf)                    size: 32534 bytes
(epstopdf)             Command: <repstopdf --outfile=figs/fig4-eps-converted-to
.pdf figs/fig4.eps>
(epstopdf)             \includegraphics on input line 324.
Package epstopdf Info: Output file is already uptodate.
<figs/fig4-eps-converted-to.pdf, id=67, 542.025pt x 274.02374pt>
File: figs/fig4-eps-converted-to.pdf Graphic file (type pdf)

<use figs/fig4-eps-converted-to.pdf>
Package pdftex.def Info: figs/fig4-eps-converted-to.pdf used on input line 324.

(pdftex.def)             Requested size: 227.62204pt x 115.07663pt.
 [14 <./figs/fig4-eps-converted-to.pdf>]

LaTeX Warning: File `figs/fig5.eps' not found on input line 360.

Package epstopdf Info: Source file: <figs/fig5.eps>
(epstopdf)             Output file: <figs/fig5-eps-converted-to.pdf>
(epstopdf)                    date: 2014-02-04 10:39:35
(epstopdf)                    size: 24336 bytes
(epstopdf)             Command: <repstopdf --outfile=figs/fig5-eps-converted-to
.pdf figs/fig5.eps>
(epstopdf)             \includegraphics on input line 360.
Package epstopdf Info: Output file is already uptodate.
<figs/fig5-eps-converted-to.pdf, id=74, 454.69875pt x 794.97pt>
File: figs/fig5-eps-converted-to.pdf Graphic file (type pdf)

<use figs/fig5-eps-converted-to.pdf>
Package pdftex.def Info: figs/fig5-eps-converted-to.pdf used on input line 360.

(pdftex.def)             Requested size: 142.26378pt x 248.73077pt.
 [15 <./figs/fig5-eps-converted-to.pdf>]

LaTeX Warning: File `figs/fig3.eps' not found on input line 373.

Package epstopdf Info: Source file: <figs/fig3.eps>
(epstopdf)             Output file: <figs/fig3-eps-converted-to.pdf>
(epstopdf)                    date: 2014-02-04 10:39:33
(epstopdf)                    size: 26609 bytes
(epstopdf)             Command: <repstopdf --outfile=figs/fig3-eps-converted-to
.pdf figs/fig3.eps>
(epstopdf)             \includegraphics on input line 373.
Package epstopdf Info: Output file is already uptodate.
<figs/fig3-eps-converted-to.pdf, id=84, 613.29124pt x 682.55pt>
File: figs/fig3-eps-converted-to.pdf Graphic file (type pdf)

<use figs/fig3-eps-converted-to.pdf>
Package pdftex.def Info: figs/fig3-eps-converted-to.pdf used on input line 373.

(pdftex.def)             Requested size: 227.62204pt x 253.32066pt.
 [16 <./figs/fig3-eps-converted-to.pdf>]
[17] [18] [19] [20]
Package epstopdf Info: Source file: <figs/zk.eps>
(epstopdf)                    date: 2014-04-23 14:27:18
(epstopdf)                    size: 47674 bytes
(epstopdf)             Output file: <figs/zk-eps-converted-to.pdf>
(epstopdf)                    date: 2014-04-27 18:17:49
(epstopdf)                    size: 16706 bytes
(epstopdf)             Command: <repstopdf --outfile=figs/zk-eps-converted-to.p
df figs/zk.eps>
(epstopdf)             \includegraphics on input line 491.
Package epstopdf Info: Output file is already uptodate.

<figs/zk-eps-converted-to.pdf, id=113, 613.29124pt x 568.1225pt>
File: figs/zk-eps-converted-to.pdf Graphic file (type pdf)

<use figs/zk-eps-converted-to.pdf>
Package pdftex.def Info: figs/zk-eps-converted-to.pdf used on input line 491.
(pdftex.def)             Requested size: 199.16928pt x 184.49892pt.
 [21 <./figs/zk-eps-converted-to.pdf>]
Package epstopdf Info: Source file: <figs/BQ.eps>
(epstopdf)                    date: 2014-04-23 14:27:06
(epstopdf)                    size: 3260459 bytes
(epstopdf)             Output file: <figs/BQ-eps-converted-to.pdf>
(epstopdf)                    date: 2014-04-27 18:17:53
(epstopdf)                    size: 445528 bytes
(epstopdf)             Command: <repstopdf --outfile=figs/BQ-eps-converted-to.p
df figs/BQ.eps>
(epstopdf)             \includegraphics on input line 512.
Package epstopdf Info: Output file is already uptodate.

<figs/BQ-eps-converted-to.pdf, id=126, 614.295pt x 794.97pt>
File: figs/BQ-eps-converted-to.pdf Graphic file (type pdf)

<use figs/BQ-eps-converted-to.pdf>
Package pdftex.def Info: figs/BQ-eps-converted-to.pdf used on input line 512.
(pdftex.def)             Requested size: 227.62204pt x 294.57098pt.
 [22 <./figs/BQ-eps-converted-to.pdf>]
[23] [24] [25] [26] <figs/EG_f.png, id=154, 1464.47125pt x 704.6325pt>
File: figs/EG_f.png Graphic file (type png)

<use figs/EG_f.png>
Package pdftex.def Info: figs/EG_f.png used on input line 742.
(pdftex.def)             Requested size: 355.65944pt x 171.12584pt.
 [27 <./figs/EG_f.png>] [28] [29] [30] [31] [32]
Missing character: There is no Ì in font cmr10!
Missing character: There is no ˆ in font cmr10!
 [33]
Missing character: There is no â in font cmr10!
Missing character: There is no € in font cmr10!
Missing character: There is no ™ in font cmr10!

[34] [35] (./source.aux)

LaTeX Warning: There were multiply-defined labels.

 ) 
Here is how much of TeX's memory you used:
 4459 strings out of 493315
 59462 string characters out of 6137904
 132757 words of memory out of 5000000
 7840 multiletter control sequences out of 15000+600000
 11900 words of font info for 46 fonts, out of 8000000 for 9000
 957 hyphenation exceptions out of 8191
 38i,9n,26p,1504b,429s stack positions out of 5000i,500n,10000p,200000b,80000s
</usr/local/texlive/2013/texmf-dist/fonts/type1/public/amsfonts/cm/cmbx10.pfb
></usr/local/texlive/2013/texmf-dist/fonts/type1/public/amsfonts/cm/cmbx12.pfb>
</usr/local/texlive/2013/texmf-dist/fonts/type1/public/amsfonts/cm/cmex10.pfb><
/usr/local/texlive/2013/texmf-dist/fonts/type1/public/amsfonts/cmextra/cmex8.pf
b></usr/local/texlive/2013/texmf-dist/fonts/type1/public/amsfonts/cm/cmmi10.pfb
></usr/local/texlive/2013/texmf-dist/fonts/type1/public/amsfonts/cm/cmmi6.pfb><
/usr/local/texlive/2013/texmf-dist/fonts/type1/public/amsfonts/cm/cmmi7.pfb></u
sr/local/texlive/2013/texmf-dist/fonts/type1/public/amsfonts/cm/cmmi8.pfb></usr
/local/texlive/2013/texmf-dist/fonts/type1/public/amsfonts/cm/cmr10.pfb></usr/l
ocal/texlive/2013/texmf-dist/fonts/type1/public/amsfonts/cm/cmr6.pfb></usr/loca
l/texlive/2013/texmf-dist/fonts/type1/public/amsfonts/cm/cmr8.pfb></usr/local/t
exlive/2013/texmf-dist/fonts/type1/public/amsfonts/cm/cmsy10.pfb></usr/local/te
xlive/2013/texmf-dist/fonts/type1/public/amsfonts/cm/cmsy6.pfb></usr/local/texl
ive/2013/texmf-dist/fonts/type1/public/amsfonts/cm/cmsy7.pfb></usr/local/texliv
e/2013/texmf-dist/fonts/type1/public/amsfonts/cm/cmsy8.pfb></usr/local/texlive/
2013/texmf-dist/fonts/type1/public/amsfonts/cm/cmti10.pfb></usr/local/texlive/2
013/texmf-dist/fonts/type1/public/amsfonts/symbols/msbm10.pfb>
Output written on source.pdf (35 pages, 1109104 bytes).
PDF statistics:
 238 PDF objects out of 1000 (max. 8388607)
 164 compressed objects within 2 object streams
 0 named destinations out of 1000 (max. 500000)
 41 words of extra memory for PDF output out of 10000 (max. 10000000)

